Status: FAILURE

1154/1240 tasks completed. 0 running.

Output files:

00000007.tif → /cluster/tufts/perseus_ocr/nidaba/OCR/c9156a1a-65b4-4e86-a210-03ceb7abe299/00000007_img.rgb_to_gray_binarize.otsu_ocr.kraken_grc_teubner_postprocessing.spell_check_polytonic_greek_False.xml
00000154.tif → /cluster/tufts/perseus_ocr/nidaba/OCR/c9156a1a-65b4-4e86-a210-03ceb7abe299/00000154_img.rgb_to_gray_binarize.otsu_ocr.kraken_grc_teubner_postprocessing.spell_check_polytonic_greek_False.xml
00000197.tif → /cluster/tufts/perseus_ocr/nidaba/OCR/c9156a1a-65b4-4e86-a210-03ceb7abe299/00000197_img.rgb_to_gray_binarize.otsu_ocr.kraken_grc_teubner_postprocessing.spell_check_polytonic_greek_False.xml
00000099.tif → /cluster/tufts/perseus_ocr/nidaba/OCR/c9156a1a-65b4-4e86-a210-03ceb7abe299/00000099_img.rgb_to_gray_binarize.otsu_ocr.kraken_grc_teubner_postprocessing.spell_check_polytonic_greek_False.xml
00000131.tif → /cluster/tufts/perseus_ocr/nidaba/OCR/c9156a1a-65b4-4e86-a210-03ceb7abe299/00000131_img.rgb_to_gray_binarize.otsu_ocr.kraken_grc_teubner_postprocessing.spell_check_polytonic_greek_False.xml
00000150.tif → /cluster/tufts/perseus_ocr/nidaba/OCR/c9156a1a-65b4-4e86-a210-03ceb7abe299/00000150_img.rgb_to_gray_binarize.otsu_ocr.kraken_grc_teubner_postprocessing.spell_check_polytonic_greek_False.xml
00000248.tif → /cluster/tufts/perseus_ocr/nidaba/OCR/c9156a1a-65b4-4e86-a210-03ceb7abe299/00000248_img.rgb_to_gray_binarize.otsu_ocr.kraken_grc_teubner_postprocessing.spell_check_polytonic_greek_False.xml
00000100.tif → /cluster/tufts/perseus_ocr/nidaba/OCR/c9156a1a-65b4-4e86-a210-03ceb7abe299/00000100_img.rgb_to_gray_binarize.otsu_ocr.kraken_grc_teubner_postprocessing.spell_check_polytonic_greek_False.xml
00000194.tif → /cluster/tufts/perseus_ocr/nidaba/OCR/c9156a1a-65b4-4e86-a210-03ceb7abe299/00000194_img.rgb_to_gray_binarize.otsu_ocr.kraken_grc_teubner_postprocessing.spell_check_polytonic_greek_False.xml
00000247.tif → /cluster/tufts/perseus_ocr/nidaba/OCR/c9156a1a-65b4-4e86-a210-03ceb7abe299/00000247_img.rgb_to_gray_binarize.otsu_ocr.kraken_grc_teubner_postprocessing.spell_check_polytonic_greek_False.xml
00000009.tif → /cluster/tufts/perseus_ocr/nidaba/OCR/c9156a1a-65b4-4e86-a210-03ceb7abe299/00000009_img.rgb_to_gray_binarize.otsu_ocr.kraken_grc_teubner_postprocessing.spell_check_polytonic_greek_False.xml
00000071.tif → /cluster/tufts/perseus_ocr/nidaba/OCR/c9156a1a-65b4-4e86-a210-03ceb7abe299/00000071_img.rgb_to_gray_binarize.otsu_ocr.kraken_grc_teubner_postprocessing.spell_check_polytonic_greek_False.xml
00000233.tif → /cluster/tufts/perseus_ocr/nidaba/OCR/c9156a1a-65b4-4e86-a210-03ceb7abe299/00000233_img.rgb_to_gray_binarize.otsu_ocr.kraken_grc_teubner_postprocessing.spell_check_polytonic_greek_False.xml
00000164.tif → /cluster/tufts/perseus_ocr/nidaba/OCR/c9156a1a-65b4-4e86-a210-03ceb7abe299/00000164_img.rgb_to_gray_binarize.otsu_ocr.kraken_grc_teubner_postprocessing.spell_check_polytonic_greek_False.xml
00000019.tif → /cluster/tufts/perseus_ocr/nidaba/OCR/c9156a1a-65b4-4e86-a210-03ceb7abe299/00000019_img.rgb_to_gray_binarize.otsu_ocr.kraken_grc_teubner_postprocessing.spell_check_polytonic_greek_False.xml
00000179.tif → /cluster/tufts/perseus_ocr/nidaba/OCR/c9156a1a-65b4-4e86-a210-03ceb7abe299/00000179_img.rgb_to_gray_binarize.otsu_ocr.kraken_grc_teubner_postprocessing.spell_check_polytonic_greek_False.xml
00000103.tif → /cluster/tufts/perseus_ocr/nidaba/OCR/c9156a1a-65b4-4e86-a210-03ceb7abe299/00000103_img.rgb_to_gray_binarize.otsu_ocr.kraken_grc_teubner_postprocessing.spell_check_polytonic_greek_False.xml
00000032.tif → /cluster/tufts/perseus_ocr/nidaba/OCR/c9156a1a-65b4-4e86-a210-03ceb7abe299/00000032_img.rgb_to_gray_binarize.otsu_ocr.kraken_grc_teubner_postprocessing.spell_check_polytonic_greek_False.xml
00000021.tif → /cluster/tufts/perseus_ocr/nidaba/OCR/c9156a1a-65b4-4e86-a210-03ceb7abe299/00000021_img.rgb_to_gray_binarize.otsu_ocr.kraken_grc_teubner_postprocessing.spell_check_polytonic_greek_False.xml
00000053.tif → /cluster/tufts/perseus_ocr/nidaba/OCR/c9156a1a-65b4-4e86-a210-03ceb7abe299/00000053_img.rgb_to_gray_binarize.otsu_ocr.kraken_grc_teubner_postprocessing.spell_check_polytonic_greek_False.xml
00000128.tif → /cluster/tufts/perseus_ocr/nidaba/OCR/c9156a1a-65b4-4e86-a210-03ceb7abe299/00000128_img.rgb_to_gray_binarize.otsu_ocr.kraken_grc_teubner_postprocessing.spell_check_polytonic_greek_False.xml
00000191.tif → /cluster/tufts/perseus_ocr/nidaba/OCR/c9156a1a-65b4-4e86-a210-03ceb7abe299/00000191_img.rgb_to_gray_binarize.otsu_ocr.kraken_grc_teubner_postprocessing.spell_check_polytonic_greek_False.xml
00000038.tif → /cluster/tufts/perseus_ocr/nidaba/OCR/c9156a1a-65b4-4e86-a210-03ceb7abe299/00000038_img.rgb_to_gray_binarize.otsu_ocr.kraken_grc_teubner_postprocessing.spell_check_polytonic_greek_False.xml
00000212.tif → /cluster/tufts/perseus_ocr/nidaba/OCR/c9156a1a-65b4-4e86-a210-03ceb7abe299/00000212_img.rgb_to_gray_binarize.otsu_ocr.kraken_grc_teubner_postprocessing.spell_check_polytonic_greek_False.xml
00000166.tif → /cluster/tufts/perseus_ocr/nidaba/OCR/c9156a1a-65b4-4e86-a210-03ceb7abe299/00000166_img.rgb_to_gray_binarize.otsu_ocr.kraken_grc_teubner_postprocessing.spell_check_polytonic_greek_False.xml
00000016.tif → /cluster/tufts/perseus_ocr/nidaba/OCR/c9156a1a-65b4-4e86-a210-03ceb7abe299/00000016_img.rgb_to_gray_binarize.otsu_ocr.kraken_grc_teubner_postprocessing.spell_check_polytonic_greek_False.xml
00000014.tif → /cluster/tufts/perseus_ocr/nidaba/OCR/c9156a1a-65b4-4e86-a210-03ceb7abe299/00000014_img.rgb_to_gray_binarize.otsu_ocr.kraken_grc_teubner_postprocessing.spell_check_polytonic_greek_False.xml
00000176.tif → /cluster/tufts/perseus_ocr/nidaba/OCR/c9156a1a-65b4-4e86-a210-03ceb7abe299/00000176_img.rgb_to_gray_binarize.otsu_ocr.kraken_grc_teubner_postprocessing.spell_check_polytonic_greek_False.xml
00000030.tif → /cluster/tufts/perseus_ocr/nidaba/OCR/c9156a1a-65b4-4e86-a210-03ceb7abe299/00000030_img.rgb_to_gray_binarize.otsu_ocr.kraken_grc_teubner_postprocessing.spell_check_polytonic_greek_False.xml
00000244.tif → /cluster/tufts/perseus_ocr/nidaba/OCR/c9156a1a-65b4-4e86-a210-03ceb7abe299/00000244_img.rgb_to_gray_binarize.otsu_ocr.kraken_grc_teubner_postprocessing.spell_check_polytonic_greek_False.xml
00000218.tif → /cluster/tufts/perseus_ocr/nidaba/OCR/c9156a1a-65b4-4e86-a210-03ceb7abe299/00000218_img.rgb_to_gray_binarize.otsu_ocr.kraken_grc_teubner_postprocessing.spell_check_polytonic_greek_False.xml
00000098.tif → /cluster/tufts/perseus_ocr/nidaba/OCR/c9156a1a-65b4-4e86-a210-03ceb7abe299/00000098_img.rgb_to_gray_binarize.otsu_ocr.kraken_grc_teubner_postprocessing.spell_check_polytonic_greek_False.xml
00000156.tif → /cluster/tufts/perseus_ocr/nidaba/OCR/c9156a1a-65b4-4e86-a210-03ceb7abe299/00000156_img.rgb_to_gray_binarize.otsu_ocr.kraken_grc_teubner_postprocessing.spell_check_polytonic_greek_False.xml
00000082.tif → /cluster/tufts/perseus_ocr/nidaba/OCR/c9156a1a-65b4-4e86-a210-03ceb7abe299/00000082_img.rgb_to_gray_binarize.otsu_ocr.kraken_grc_teubner_postprocessing.spell_check_polytonic_greek_False.xml
00000086.tif → /cluster/tufts/perseus_ocr/nidaba/OCR/c9156a1a-65b4-4e86-a210-03ceb7abe299/00000086_img.rgb_to_gray_binarize.otsu_ocr.kraken_grc_teubner_postprocessing.spell_check_polytonic_greek_False.xml
00000065.tif → /cluster/tufts/perseus_ocr/nidaba/OCR/c9156a1a-65b4-4e86-a210-03ceb7abe299/00000065_img.rgb_to_gray_binarize.otsu_ocr.kraken_grc_teubner_postprocessing.spell_check_polytonic_greek_False.xml
00000017.tif → /cluster/tufts/perseus_ocr/nidaba/OCR/c9156a1a-65b4-4e86-a210-03ceb7abe299/00000017_img.rgb_to_gray_binarize.otsu_ocr.kraken_grc_teubner_postprocessing.spell_check_polytonic_greek_False.xml
00000039.tif → /cluster/tufts/perseus_ocr/nidaba/OCR/c9156a1a-65b4-4e86-a210-03ceb7abe299/00000039_img.rgb_to_gray_binarize.otsu_ocr.kraken_grc_teubner_postprocessing.spell_check_polytonic_greek_False.xml
00000217.tif → /cluster/tufts/perseus_ocr/nidaba/OCR/c9156a1a-65b4-4e86-a210-03ceb7abe299/00000217_img.rgb_to_gray_binarize.otsu_ocr.kraken_grc_teubner_postprocessing.spell_check_polytonic_greek_False.xml
00000108.tif → /cluster/tufts/perseus_ocr/nidaba/OCR/c9156a1a-65b4-4e86-a210-03ceb7abe299/00000108_img.rgb_to_gray_binarize.otsu_ocr.kraken_grc_teubner_postprocessing.spell_check_polytonic_greek_False.xml
00000162.tif → /cluster/tufts/perseus_ocr/nidaba/OCR/c9156a1a-65b4-4e86-a210-03ceb7abe299/00000162_img.rgb_to_gray_binarize.otsu_ocr.kraken_grc_teubner_postprocessing.spell_check_polytonic_greek_False.xml
00000048.tif → /cluster/tufts/perseus_ocr/nidaba/OCR/c9156a1a-65b4-4e86-a210-03ceb7abe299/00000048_img.rgb_to_gray_binarize.otsu_ocr.kraken_grc_teubner_postprocessing.spell_check_polytonic_greek_False.xml
00000134.tif → /cluster/tufts/perseus_ocr/nidaba/OCR/c9156a1a-65b4-4e86-a210-03ceb7abe299/00000134_img.rgb_to_gray_binarize.otsu_ocr.kraken_grc_teubner_postprocessing.spell_check_polytonic_greek_False.xml
00000070.tif → /cluster/tufts/perseus_ocr/nidaba/OCR/c9156a1a-65b4-4e86-a210-03ceb7abe299/00000070_img.rgb_to_gray_binarize.otsu_ocr.kraken_grc_teubner_postprocessing.spell_check_polytonic_greek_False.xml
00000136.tif → /cluster/tufts/perseus_ocr/nidaba/OCR/c9156a1a-65b4-4e86-a210-03ceb7abe299/00000136_img.rgb_to_gray_binarize.otsu_ocr.kraken_grc_teubner_postprocessing.spell_check_polytonic_greek_False.xml
00000151.tif → /cluster/tufts/perseus_ocr/nidaba/OCR/c9156a1a-65b4-4e86-a210-03ceb7abe299/00000151_img.rgb_to_gray_binarize.otsu_ocr.kraken_grc_teubner_postprocessing.spell_check_polytonic_greek_False.xml
00000207.tif → /cluster/tufts/perseus_ocr/nidaba/OCR/c9156a1a-65b4-4e86-a210-03ceb7abe299/00000207_img.rgb_to_gray_binarize.otsu_ocr.kraken_grc_teubner_postprocessing.spell_check_polytonic_greek_False.xml
00000177.tif → /cluster/tufts/perseus_ocr/nidaba/OCR/c9156a1a-65b4-4e86-a210-03ceb7abe299/00000177_img.rgb_to_gray_binarize.otsu_ocr.kraken_grc_teubner_postprocessing.spell_check_polytonic_greek_False.xml
00000138.tif → /cluster/tufts/perseus_ocr/nidaba/OCR/c9156a1a-65b4-4e86-a210-03ceb7abe299/00000138_img.rgb_to_gray_binarize.otsu_ocr.kraken_grc_teubner_postprocessing.spell_check_polytonic_greek_False.xml
00000238.tif → /cluster/tufts/perseus_ocr/nidaba/OCR/c9156a1a-65b4-4e86-a210-03ceb7abe299/00000238_img.rgb_to_gray_binarize.otsu_ocr.kraken_grc_teubner_postprocessing.spell_check_polytonic_greek_False.xml
00000246.tif → /cluster/tufts/perseus_ocr/nidaba/OCR/c9156a1a-65b4-4e86-a210-03ceb7abe299/00000246_img.rgb_to_gray_binarize.otsu_ocr.kraken_grc_teubner_postprocessing.spell_check_polytonic_greek_False.xml
00000002.tif → /cluster/tufts/perseus_ocr/nidaba/OCR/c9156a1a-65b4-4e86-a210-03ceb7abe299/00000002_img.rgb_to_gray_binarize.otsu_ocr.kraken_grc_teubner_postprocessing.spell_check_polytonic_greek_False.xml
00000094.tif → /cluster/tufts/perseus_ocr/nidaba/OCR/c9156a1a-65b4-4e86-a210-03ceb7abe299/00000094_img.rgb_to_gray_binarize.otsu_ocr.kraken_grc_teubner_postprocessing.spell_check_polytonic_greek_False.xml
00000072.tif → /cluster/tufts/perseus_ocr/nidaba/OCR/c9156a1a-65b4-4e86-a210-03ceb7abe299/00000072_img.rgb_to_gray_binarize.otsu_ocr.kraken_grc_teubner_postprocessing.spell_check_polytonic_greek_False.xml
00000220.tif → /cluster/tufts/perseus_ocr/nidaba/OCR/c9156a1a-65b4-4e86-a210-03ceb7abe299/00000220_img.rgb_to_gray_binarize.otsu_ocr.kraken_grc_teubner_postprocessing.spell_check_polytonic_greek_False.xml
00000192.tif → /cluster/tufts/perseus_ocr/nidaba/OCR/c9156a1a-65b4-4e86-a210-03ceb7abe299/00000192_img.rgb_to_gray_binarize.otsu_ocr.kraken_grc_teubner_postprocessing.spell_check_polytonic_greek_False.xml
00000142.tif → /cluster/tufts/perseus_ocr/nidaba/OCR/c9156a1a-65b4-4e86-a210-03ceb7abe299/00000142_img.rgb_to_gray_binarize.otsu_ocr.kraken_grc_teubner_postprocessing.spell_check_polytonic_greek_False.xml
00000077.tif → /cluster/tufts/perseus_ocr/nidaba/OCR/c9156a1a-65b4-4e86-a210-03ceb7abe299/00000077_img.rgb_to_gray_binarize.otsu_ocr.kraken_grc_teubner_postprocessing.spell_check_polytonic_greek_False.xml
00000180.tif → /cluster/tufts/perseus_ocr/nidaba/OCR/c9156a1a-65b4-4e86-a210-03ceb7abe299/00000180_img.rgb_to_gray_binarize.otsu_ocr.kraken_grc_teubner_postprocessing.spell_check_polytonic_greek_False.xml
00000205.tif → /cluster/tufts/perseus_ocr/nidaba/OCR/c9156a1a-65b4-4e86-a210-03ceb7abe299/00000205_img.rgb_to_gray_binarize.otsu_ocr.kraken_grc_teubner_postprocessing.spell_check_polytonic_greek_False.xml
00000080.tif → /cluster/tufts/perseus_ocr/nidaba/OCR/c9156a1a-65b4-4e86-a210-03ceb7abe299/00000080_img.rgb_to_gray_binarize.otsu_ocr.kraken_grc_teubner_postprocessing.spell_check_polytonic_greek_False.xml
00000149.tif → /cluster/tufts/perseus_ocr/nidaba/OCR/c9156a1a-65b4-4e86-a210-03ceb7abe299/00000149_img.rgb_to_gray_binarize.otsu_ocr.kraken_grc_teubner_postprocessing.spell_check_polytonic_greek_False.xml
00000231.tif → /cluster/tufts/perseus_ocr/nidaba/OCR/c9156a1a-65b4-4e86-a210-03ceb7abe299/00000231_img.rgb_to_gray_binarize.otsu_ocr.kraken_grc_teubner_postprocessing.spell_check_polytonic_greek_False.xml
00000062.tif → /cluster/tufts/perseus_ocr/nidaba/OCR/c9156a1a-65b4-4e86-a210-03ceb7abe299/00000062_img.rgb_to_gray_binarize.otsu_ocr.kraken_grc_teubner_postprocessing.spell_check_polytonic_greek_False.xml
00000024.tif → /cluster/tufts/perseus_ocr/nidaba/OCR/c9156a1a-65b4-4e86-a210-03ceb7abe299/00000024_img.rgb_to_gray_binarize.otsu_ocr.kraken_grc_teubner_postprocessing.spell_check_polytonic_greek_False.xml
00000204.tif → /cluster/tufts/perseus_ocr/nidaba/OCR/c9156a1a-65b4-4e86-a210-03ceb7abe299/00000204_img.rgb_to_gray_binarize.otsu_ocr.kraken_grc_teubner_postprocessing.spell_check_polytonic_greek_False.xml
00000110.tif → /cluster/tufts/perseus_ocr/nidaba/OCR/c9156a1a-65b4-4e86-a210-03ceb7abe299/00000110_img.rgb_to_gray_binarize.otsu_ocr.kraken_grc_teubner_postprocessing.spell_check_polytonic_greek_False.xml
00000026.tif → /cluster/tufts/perseus_ocr/nidaba/OCR/c9156a1a-65b4-4e86-a210-03ceb7abe299/00000026_img.rgb_to_gray_binarize.otsu_ocr.kraken_grc_teubner_postprocessing.spell_check_polytonic_greek_False.xml
00000188.tif → /cluster/tufts/perseus_ocr/nidaba/OCR/c9156a1a-65b4-4e86-a210-03ceb7abe299/00000188_img.rgb_to_gray_binarize.otsu_ocr.kraken_grc_teubner_postprocessing.spell_check_polytonic_greek_False.xml
00000160.tif → /cluster/tufts/perseus_ocr/nidaba/OCR/c9156a1a-65b4-4e86-a210-03ceb7abe299/00000160_img.rgb_to_gray_binarize.otsu_ocr.kraken_grc_teubner_postprocessing.spell_check_polytonic_greek_False.xml
00000208.tif → /cluster/tufts/perseus_ocr/nidaba/OCR/c9156a1a-65b4-4e86-a210-03ceb7abe299/00000208_img.rgb_to_gray_binarize.otsu_ocr.kraken_grc_teubner_postprocessing.spell_check_polytonic_greek_False.xml
00000057.tif → /cluster/tufts/perseus_ocr/nidaba/OCR/c9156a1a-65b4-4e86-a210-03ceb7abe299/00000057_img.rgb_to_gray_binarize.otsu_ocr.kraken_grc_teubner_postprocessing.spell_check_polytonic_greek_False.xml
00000245.tif → /cluster/tufts/perseus_ocr/nidaba/OCR/c9156a1a-65b4-4e86-a210-03ceb7abe299/00000245_img.rgb_to_gray_binarize.otsu_ocr.kraken_grc_teubner_postprocessing.spell_check_polytonic_greek_False.xml
00000235.tif → /cluster/tufts/perseus_ocr/nidaba/OCR/c9156a1a-65b4-4e86-a210-03ceb7abe299/00000235_img.rgb_to_gray_binarize.otsu_ocr.kraken_grc_teubner_postprocessing.spell_check_polytonic_greek_False.xml
00000052.tif → /cluster/tufts/perseus_ocr/nidaba/OCR/c9156a1a-65b4-4e86-a210-03ceb7abe299/00000052_img.rgb_to_gray_binarize.otsu_ocr.kraken_grc_teubner_postprocessing.spell_check_polytonic_greek_False.xml
00000117.tif → /cluster/tufts/perseus_ocr/nidaba/OCR/c9156a1a-65b4-4e86-a210-03ceb7abe299/00000117_img.rgb_to_gray_binarize.otsu_ocr.kraken_grc_teubner_postprocessing.spell_check_polytonic_greek_False.xml
00000121.tif → /cluster/tufts/perseus_ocr/nidaba/OCR/c9156a1a-65b4-4e86-a210-03ceb7abe299/00000121_img.rgb_to_gray_binarize.otsu_ocr.kraken_grc_teubner_postprocessing.spell_check_polytonic_greek_False.xml
00000200.tif → /cluster/tufts/perseus_ocr/nidaba/OCR/c9156a1a-65b4-4e86-a210-03ceb7abe299/00000200_img.rgb_to_gray_binarize.otsu_ocr.kraken_grc_teubner_postprocessing.spell_check_polytonic_greek_False.xml
00000111.tif → /cluster/tufts/perseus_ocr/nidaba/OCR/c9156a1a-65b4-4e86-a210-03ceb7abe299/00000111_img.rgb_to_gray_binarize.otsu_ocr.kraken_grc_teubner_postprocessing.spell_check_polytonic_greek_False.xml
00000203.tif → /cluster/tufts/perseus_ocr/nidaba/OCR/c9156a1a-65b4-4e86-a210-03ceb7abe299/00000203_img.rgb_to_gray_binarize.otsu_ocr.kraken_grc_teubner_postprocessing.spell_check_polytonic_greek_False.xml
00000008.tif → /cluster/tufts/perseus_ocr/nidaba/OCR/c9156a1a-65b4-4e86-a210-03ceb7abe299/00000008_img.rgb_to_gray_binarize.otsu_ocr.kraken_grc_teubner_postprocessing.spell_check_polytonic_greek_False.xml
00000193.tif → /cluster/tufts/perseus_ocr/nidaba/OCR/c9156a1a-65b4-4e86-a210-03ceb7abe299/00000193_img.rgb_to_gray_binarize.otsu_ocr.kraken_grc_teubner_postprocessing.spell_check_polytonic_greek_False.xml
00000027.tif → /cluster/tufts/perseus_ocr/nidaba/OCR/c9156a1a-65b4-4e86-a210-03ceb7abe299/00000027_img.rgb_to_gray_binarize.otsu_ocr.kraken_grc_teubner_postprocessing.spell_check_polytonic_greek_False.xml
00000158.tif → /cluster/tufts/perseus_ocr/nidaba/OCR/c9156a1a-65b4-4e86-a210-03ceb7abe299/00000158_img.rgb_to_gray_binarize.otsu_ocr.kraken_grc_teubner_postprocessing.spell_check_polytonic_greek_False.xml
00000144.tif → /cluster/tufts/perseus_ocr/nidaba/OCR/c9156a1a-65b4-4e86-a210-03ceb7abe299/00000144_img.rgb_to_gray_binarize.otsu_ocr.kraken_grc_teubner_postprocessing.spell_check_polytonic_greek_False.xml
00000035.tif → /cluster/tufts/perseus_ocr/nidaba/OCR/c9156a1a-65b4-4e86-a210-03ceb7abe299/00000035_img.rgb_to_gray_binarize.otsu_ocr.kraken_grc_teubner_postprocessing.spell_check_polytonic_greek_False.xml
00000167.tif → /cluster/tufts/perseus_ocr/nidaba/OCR/c9156a1a-65b4-4e86-a210-03ceb7abe299/00000167_img.rgb_to_gray_binarize.otsu_ocr.kraken_grc_teubner_postprocessing.spell_check_polytonic_greek_False.xml
00000054.tif → /cluster/tufts/perseus_ocr/nidaba/OCR/c9156a1a-65b4-4e86-a210-03ceb7abe299/00000054_img.rgb_to_gray_binarize.otsu_ocr.kraken_grc_teubner_postprocessing.spell_check_polytonic_greek_False.xml
00000221.tif → /cluster/tufts/perseus_ocr/nidaba/OCR/c9156a1a-65b4-4e86-a210-03ceb7abe299/00000221_img.rgb_to_gray_binarize.otsu_ocr.kraken_grc_teubner_postprocessing.spell_check_polytonic_greek_False.xml
00000242.tif → /cluster/tufts/perseus_ocr/nidaba/OCR/c9156a1a-65b4-4e86-a210-03ceb7abe299/00000242_img.rgb_to_gray_binarize.otsu_ocr.kraken_grc_teubner_postprocessing.spell_check_polytonic_greek_False.xml
00000073.tif → /cluster/tufts/perseus_ocr/nidaba/OCR/c9156a1a-65b4-4e86-a210-03ceb7abe299/00000073_img.rgb_to_gray_binarize.otsu_ocr.kraken_grc_teubner_postprocessing.spell_check_polytonic_greek_False.xml
00000011.tif → /cluster/tufts/perseus_ocr/nidaba/OCR/c9156a1a-65b4-4e86-a210-03ceb7abe299/00000011_img.rgb_to_gray_binarize.otsu_ocr.kraken_grc_teubner_postprocessing.spell_check_polytonic_greek_False.xml
00000240.tif → /cluster/tufts/perseus_ocr/nidaba/OCR/c9156a1a-65b4-4e86-a210-03ceb7abe299/00000240_img.rgb_to_gray_binarize.otsu_ocr.kraken_grc_teubner_postprocessing.spell_check_polytonic_greek_False.xml
00000224.tif → /cluster/tufts/perseus_ocr/nidaba/OCR/c9156a1a-65b4-4e86-a210-03ceb7abe299/00000224_img.rgb_to_gray_binarize.otsu_ocr.kraken_grc_teubner_postprocessing.spell_check_polytonic_greek_False.xml
00000155.tif → /cluster/tufts/perseus_ocr/nidaba/OCR/c9156a1a-65b4-4e86-a210-03ceb7abe299/00000155_img.rgb_to_gray_binarize.otsu_ocr.kraken_grc_teubner_postprocessing.spell_check_polytonic_greek_False.xml
00000074.tif → /cluster/tufts/perseus_ocr/nidaba/OCR/c9156a1a-65b4-4e86-a210-03ceb7abe299/00000074_img.rgb_to_gray_binarize.otsu_ocr.kraken_grc_teubner_postprocessing.spell_check_polytonic_greek_False.xml
00000068.tif → /cluster/tufts/perseus_ocr/nidaba/OCR/c9156a1a-65b4-4e86-a210-03ceb7abe299/00000068_img.rgb_to_gray_binarize.otsu_ocr.kraken_grc_teubner_postprocessing.spell_check_polytonic_greek_False.xml
00000216.tif → /cluster/tufts/perseus_ocr/nidaba/OCR/c9156a1a-65b4-4e86-a210-03ceb7abe299/00000216_img.rgb_to_gray_binarize.otsu_ocr.kraken_grc_teubner_postprocessing.spell_check_polytonic_greek_False.xml
00000239.tif → /cluster/tufts/perseus_ocr/nidaba/OCR/c9156a1a-65b4-4e86-a210-03ceb7abe299/00000239_img.rgb_to_gray_binarize.otsu_ocr.kraken_grc_teubner_postprocessing.spell_check_polytonic_greek_False.xml
00000050.tif → /cluster/tufts/perseus_ocr/nidaba/OCR/c9156a1a-65b4-4e86-a210-03ceb7abe299/00000050_img.rgb_to_gray_binarize.otsu_ocr.kraken_grc_teubner_postprocessing.spell_check_polytonic_greek_False.xml
00000118.tif → /cluster/tufts/perseus_ocr/nidaba/OCR/c9156a1a-65b4-4e86-a210-03ceb7abe299/00000118_img.rgb_to_gray_binarize.otsu_ocr.kraken_grc_teubner_postprocessing.spell_check_polytonic_greek_False.xml
00000022.tif → /cluster/tufts/perseus_ocr/nidaba/OCR/c9156a1a-65b4-4e86-a210-03ceb7abe299/00000022_img.rgb_to_gray_binarize.otsu_ocr.kraken_grc_teubner_postprocessing.spell_check_polytonic_greek_False.xml
00000015.tif → /cluster/tufts/perseus_ocr/nidaba/OCR/c9156a1a-65b4-4e86-a210-03ceb7abe299/00000015_img.rgb_to_gray_binarize.otsu_ocr.kraken_grc_teubner_postprocessing.spell_check_polytonic_greek_False.xml
00000232.tif → /cluster/tufts/perseus_ocr/nidaba/OCR/c9156a1a-65b4-4e86-a210-03ceb7abe299/00000232_img.rgb_to_gray_binarize.otsu_ocr.kraken_grc_teubner_postprocessing.spell_check_polytonic_greek_False.xml
00000043.tif → /cluster/tufts/perseus_ocr/nidaba/OCR/c9156a1a-65b4-4e86-a210-03ceb7abe299/00000043_img.rgb_to_gray_binarize.otsu_ocr.kraken_grc_teubner_postprocessing.spell_check_polytonic_greek_False.xml
00000101.tif → /cluster/tufts/perseus_ocr/nidaba/OCR/c9156a1a-65b4-4e86-a210-03ceb7abe299/00000101_img.rgb_to_gray_binarize.otsu_ocr.kraken_grc_teubner_postprocessing.spell_check_polytonic_greek_False.xml
00000174.tif → /cluster/tufts/perseus_ocr/nidaba/OCR/c9156a1a-65b4-4e86-a210-03ceb7abe299/00000174_img.rgb_to_gray_binarize.otsu_ocr.kraken_grc_teubner_postprocessing.spell_check_polytonic_greek_False.xml
00000146.tif → /cluster/tufts/perseus_ocr/nidaba/OCR/c9156a1a-65b4-4e86-a210-03ceb7abe299/00000146_img.rgb_to_gray_binarize.otsu_ocr.kraken_grc_teubner_postprocessing.spell_check_polytonic_greek_False.xml
00000230.tif → /cluster/tufts/perseus_ocr/nidaba/OCR/c9156a1a-65b4-4e86-a210-03ceb7abe299/00000230_img.rgb_to_gray_binarize.otsu_ocr.kraken_grc_teubner_postprocessing.spell_check_polytonic_greek_False.xml
00000113.tif → /cluster/tufts/perseus_ocr/nidaba/OCR/c9156a1a-65b4-4e86-a210-03ceb7abe299/00000113_img.rgb_to_gray_binarize.otsu_ocr.kraken_grc_teubner_postprocessing.spell_check_polytonic_greek_False.xml
00000236.tif → /cluster/tufts/perseus_ocr/nidaba/OCR/c9156a1a-65b4-4e86-a210-03ceb7abe299/00000236_img.rgb_to_gray_binarize.otsu_ocr.kraken_grc_teubner_postprocessing.spell_check_polytonic_greek_False.xml
00000152.tif → /cluster/tufts/perseus_ocr/nidaba/OCR/c9156a1a-65b4-4e86-a210-03ceb7abe299/00000152_img.rgb_to_gray_binarize.otsu_ocr.kraken_grc_teubner_postprocessing.spell_check_polytonic_greek_False.xml
00000037.tif → /cluster/tufts/perseus_ocr/nidaba/OCR/c9156a1a-65b4-4e86-a210-03ceb7abe299/00000037_img.rgb_to_gray_binarize.otsu_ocr.kraken_grc_teubner_postprocessing.spell_check_polytonic_greek_False.xml
00000173.tif → /cluster/tufts/perseus_ocr/nidaba/OCR/c9156a1a-65b4-4e86-a210-03ceb7abe299/00000173_img.rgb_to_gray_binarize.otsu_ocr.kraken_grc_teubner_postprocessing.spell_check_polytonic_greek_False.xml
00000045.tif → /cluster/tufts/perseus_ocr/nidaba/OCR/c9156a1a-65b4-4e86-a210-03ceb7abe299/00000045_img.rgb_to_gray_binarize.otsu_ocr.kraken_grc_teubner_postprocessing.spell_check_polytonic_greek_False.xml
00000147.tif → /cluster/tufts/perseus_ocr/nidaba/OCR/c9156a1a-65b4-4e86-a210-03ceb7abe299/00000147_img.rgb_to_gray_binarize.otsu_ocr.kraken_grc_teubner_postprocessing.spell_check_polytonic_greek_False.xml
00000060.tif → /cluster/tufts/perseus_ocr/nidaba/OCR/c9156a1a-65b4-4e86-a210-03ceb7abe299/00000060_img.rgb_to_gray_binarize.otsu_ocr.kraken_grc_teubner_postprocessing.spell_check_polytonic_greek_False.xml
00000023.tif → /cluster/tufts/perseus_ocr/nidaba/OCR/c9156a1a-65b4-4e86-a210-03ceb7abe299/00000023_img.rgb_to_gray_binarize.otsu_ocr.kraken_grc_teubner_postprocessing.spell_check_polytonic_greek_False.xml
00000119.tif → /cluster/tufts/perseus_ocr/nidaba/OCR/c9156a1a-65b4-4e86-a210-03ceb7abe299/00000119_img.rgb_to_gray_binarize.otsu_ocr.kraken_grc_teubner_postprocessing.spell_check_polytonic_greek_False.xml
00000088.tif → /cluster/tufts/perseus_ocr/nidaba/OCR/c9156a1a-65b4-4e86-a210-03ceb7abe299/00000088_img.rgb_to_gray_binarize.otsu_ocr.kraken_grc_teubner_postprocessing.spell_check_polytonic_greek_False.xml
00000046.tif → /cluster/tufts/perseus_ocr/nidaba/OCR/c9156a1a-65b4-4e86-a210-03ceb7abe299/00000046_img.rgb_to_gray_binarize.otsu_ocr.kraken_grc_teubner_postprocessing.spell_check_polytonic_greek_False.xml
00000010.tif → /cluster/tufts/perseus_ocr/nidaba/OCR/c9156a1a-65b4-4e86-a210-03ceb7abe299/00000010_img.rgb_to_gray_binarize.otsu_ocr.kraken_grc_teubner_postprocessing.spell_check_polytonic_greek_False.xml
00000028.tif → /cluster/tufts/perseus_ocr/nidaba/OCR/c9156a1a-65b4-4e86-a210-03ceb7abe299/00000028_img.rgb_to_gray_binarize.otsu_ocr.kraken_grc_teubner_postprocessing.spell_check_polytonic_greek_False.xml
00000106.tif → /cluster/tufts/perseus_ocr/nidaba/OCR/c9156a1a-65b4-4e86-a210-03ceb7abe299/00000106_img.rgb_to_gray_binarize.otsu_ocr.kraken_grc_teubner_postprocessing.spell_check_polytonic_greek_False.xml
00000091.tif → /cluster/tufts/perseus_ocr/nidaba/OCR/c9156a1a-65b4-4e86-a210-03ceb7abe299/00000091_img.rgb_to_gray_binarize.otsu_ocr.kraken_grc_teubner_postprocessing.spell_check_polytonic_greek_False.xml
00000056.tif → /cluster/tufts/perseus_ocr/nidaba/OCR/c9156a1a-65b4-4e86-a210-03ceb7abe299/00000056_img.rgb_to_gray_binarize.otsu_ocr.kraken_grc_teubner_postprocessing.spell_check_polytonic_greek_False.xml
00000013.tif → /cluster/tufts/perseus_ocr/nidaba/OCR/c9156a1a-65b4-4e86-a210-03ceb7abe299/00000013_img.rgb_to_gray_binarize.otsu_ocr.kraken_grc_teubner_postprocessing.spell_check_polytonic_greek_False.xml
00000063.tif → /cluster/tufts/perseus_ocr/nidaba/OCR/c9156a1a-65b4-4e86-a210-03ceb7abe299/00000063_img.rgb_to_gray_binarize.otsu_ocr.kraken_grc_teubner_postprocessing.spell_check_polytonic_greek_False.xml
00000064.tif → /cluster/tufts/perseus_ocr/nidaba/OCR/c9156a1a-65b4-4e86-a210-03ceb7abe299/00000064_img.rgb_to_gray_binarize.otsu_ocr.kraken_grc_teubner_postprocessing.spell_check_polytonic_greek_False.xml
00000051.tif → /cluster/tufts/perseus_ocr/nidaba/OCR/c9156a1a-65b4-4e86-a210-03ceb7abe299/00000051_img.rgb_to_gray_binarize.otsu_ocr.kraken_grc_teubner_postprocessing.spell_check_polytonic_greek_False.xml
00000133.tif → /cluster/tufts/perseus_ocr/nidaba/OCR/c9156a1a-65b4-4e86-a210-03ceb7abe299/00000133_img.rgb_to_gray_binarize.otsu_ocr.kraken_grc_teubner_postprocessing.spell_check_polytonic_greek_False.xml
00000076.tif → /cluster/tufts/perseus_ocr/nidaba/OCR/c9156a1a-65b4-4e86-a210-03ceb7abe299/00000076_img.rgb_to_gray_binarize.otsu_ocr.kraken_grc_teubner_postprocessing.spell_check_polytonic_greek_False.xml
00000018.tif → /cluster/tufts/perseus_ocr/nidaba/OCR/c9156a1a-65b4-4e86-a210-03ceb7abe299/00000018_img.rgb_to_gray_binarize.otsu_ocr.kraken_grc_teubner_postprocessing.spell_check_polytonic_greek_False.xml
00000079.tif → /cluster/tufts/perseus_ocr/nidaba/OCR/c9156a1a-65b4-4e86-a210-03ceb7abe299/00000079_img.rgb_to_gray_binarize.otsu_ocr.kraken_grc_teubner_postprocessing.spell_check_polytonic_greek_False.xml
00000241.tif → /cluster/tufts/perseus_ocr/nidaba/OCR/c9156a1a-65b4-4e86-a210-03ceb7abe299/00000241_img.rgb_to_gray_binarize.otsu_ocr.kraken_grc_teubner_postprocessing.spell_check_polytonic_greek_False.xml
00000078.tif → /cluster/tufts/perseus_ocr/nidaba/OCR/c9156a1a-65b4-4e86-a210-03ceb7abe299/00000078_img.rgb_to_gray_binarize.otsu_ocr.kraken_grc_teubner_postprocessing.spell_check_polytonic_greek_False.xml
00000105.tif → /cluster/tufts/perseus_ocr/nidaba/OCR/c9156a1a-65b4-4e86-a210-03ceb7abe299/00000105_img.rgb_to_gray_binarize.otsu_ocr.kraken_grc_teubner_postprocessing.spell_check_polytonic_greek_False.xml
00000148.tif → /cluster/tufts/perseus_ocr/nidaba/OCR/c9156a1a-65b4-4e86-a210-03ceb7abe299/00000148_img.rgb_to_gray_binarize.otsu_ocr.kraken_grc_teubner_postprocessing.spell_check_polytonic_greek_False.xml
00000189.tif → /cluster/tufts/perseus_ocr/nidaba/OCR/c9156a1a-65b4-4e86-a210-03ceb7abe299/00000189_img.rgb_to_gray_binarize.otsu_ocr.kraken_grc_teubner_postprocessing.spell_check_polytonic_greek_False.xml
00000122.tif → /cluster/tufts/perseus_ocr/nidaba/OCR/c9156a1a-65b4-4e86-a210-03ceb7abe299/00000122_img.rgb_to_gray_binarize.otsu_ocr.kraken_grc_teubner_postprocessing.spell_check_polytonic_greek_False.xml
00000081.tif → /cluster/tufts/perseus_ocr/nidaba/OCR/c9156a1a-65b4-4e86-a210-03ceb7abe299/00000081_img.rgb_to_gray_binarize.otsu_ocr.kraken_grc_teubner_postprocessing.spell_check_polytonic_greek_False.xml
00000137.tif → /cluster/tufts/perseus_ocr/nidaba/OCR/c9156a1a-65b4-4e86-a210-03ceb7abe299/00000137_img.rgb_to_gray_binarize.otsu_ocr.kraken_grc_teubner_postprocessing.spell_check_polytonic_greek_False.xml
00000175.tif → /cluster/tufts/perseus_ocr/nidaba/OCR/c9156a1a-65b4-4e86-a210-03ceb7abe299/00000175_img.rgb_to_gray_binarize.otsu_ocr.kraken_grc_teubner_postprocessing.spell_check_polytonic_greek_False.xml
00000214.tif → /cluster/tufts/perseus_ocr/nidaba/OCR/c9156a1a-65b4-4e86-a210-03ceb7abe299/00000214_img.rgb_to_gray_binarize.otsu_ocr.kraken_grc_teubner_postprocessing.spell_check_polytonic_greek_False.xml
00000215.tif → /cluster/tufts/perseus_ocr/nidaba/OCR/c9156a1a-65b4-4e86-a210-03ceb7abe299/00000215_img.rgb_to_gray_binarize.otsu_ocr.kraken_grc_teubner_postprocessing.spell_check_polytonic_greek_False.xml
00000225.tif → /cluster/tufts/perseus_ocr/nidaba/OCR/c9156a1a-65b4-4e86-a210-03ceb7abe299/00000225_img.rgb_to_gray_binarize.otsu_ocr.kraken_grc_teubner_postprocessing.spell_check_polytonic_greek_False.xml
00000181.tif → /cluster/tufts/perseus_ocr/nidaba/OCR/c9156a1a-65b4-4e86-a210-03ceb7abe299/00000181_img.rgb_to_gray_binarize.otsu_ocr.kraken_grc_teubner_postprocessing.spell_check_polytonic_greek_False.xml
00000234.tif → /cluster/tufts/perseus_ocr/nidaba/OCR/c9156a1a-65b4-4e86-a210-03ceb7abe299/00000234_img.rgb_to_gray_binarize.otsu_ocr.kraken_grc_teubner_postprocessing.spell_check_polytonic_greek_False.xml
00000055.tif → /cluster/tufts/perseus_ocr/nidaba/OCR/c9156a1a-65b4-4e86-a210-03ceb7abe299/00000055_img.rgb_to_gray_binarize.otsu_ocr.kraken_grc_teubner_postprocessing.spell_check_polytonic_greek_False.xml
00000211.tif → /cluster/tufts/perseus_ocr/nidaba/OCR/c9156a1a-65b4-4e86-a210-03ceb7abe299/00000211_img.rgb_to_gray_binarize.otsu_ocr.kraken_grc_teubner_postprocessing.spell_check_polytonic_greek_False.xml
00000112.tif → /cluster/tufts/perseus_ocr/nidaba/OCR/c9156a1a-65b4-4e86-a210-03ceb7abe299/00000112_img.rgb_to_gray_binarize.otsu_ocr.kraken_grc_teubner_postprocessing.spell_check_polytonic_greek_False.xml
00000031.tif → /cluster/tufts/perseus_ocr/nidaba/OCR/c9156a1a-65b4-4e86-a210-03ceb7abe299/00000031_img.rgb_to_gray_binarize.otsu_ocr.kraken_grc_teubner_postprocessing.spell_check_polytonic_greek_False.xml
00000085.tif → /cluster/tufts/perseus_ocr/nidaba/OCR/c9156a1a-65b4-4e86-a210-03ceb7abe299/00000085_img.rgb_to_gray_binarize.otsu_ocr.kraken_grc_teubner_postprocessing.spell_check_polytonic_greek_False.xml
00000047.tif → /cluster/tufts/perseus_ocr/nidaba/OCR/c9156a1a-65b4-4e86-a210-03ceb7abe299/00000047_img.rgb_to_gray_binarize.otsu_ocr.kraken_grc_teubner_postprocessing.spell_check_polytonic_greek_False.xml
00000059.tif → /cluster/tufts/perseus_ocr/nidaba/OCR/c9156a1a-65b4-4e86-a210-03ceb7abe299/00000059_img.rgb_to_gray_binarize.otsu_ocr.kraken_grc_teubner_postprocessing.spell_check_polytonic_greek_False.xml
00000120.tif → /cluster/tufts/perseus_ocr/nidaba/OCR/c9156a1a-65b4-4e86-a210-03ceb7abe299/00000120_img.rgb_to_gray_binarize.otsu_ocr.kraken_grc_teubner_postprocessing.spell_check_polytonic_greek_False.xml
00000237.tif → /cluster/tufts/perseus_ocr/nidaba/OCR/c9156a1a-65b4-4e86-a210-03ceb7abe299/00000237_img.rgb_to_gray_binarize.otsu_ocr.kraken_grc_teubner_postprocessing.spell_check_polytonic_greek_False.xml
00000227.tif → /cluster/tufts/perseus_ocr/nidaba/OCR/c9156a1a-65b4-4e86-a210-03ceb7abe299/00000227_img.rgb_to_gray_binarize.otsu_ocr.kraken_grc_teubner_postprocessing.spell_check_polytonic_greek_False.xml
00000069.tif → /cluster/tufts/perseus_ocr/nidaba/OCR/c9156a1a-65b4-4e86-a210-03ceb7abe299/00000069_img.rgb_to_gray_binarize.otsu_ocr.kraken_grc_teubner_postprocessing.spell_check_polytonic_greek_False.xml
00000004.tif → /cluster/tufts/perseus_ocr/nidaba/OCR/c9156a1a-65b4-4e86-a210-03ceb7abe299/00000004_img.rgb_to_gray_binarize.otsu_ocr.kraken_grc_teubner_postprocessing.spell_check_polytonic_greek_False.xml
00000139.tif → /cluster/tufts/perseus_ocr/nidaba/OCR/c9156a1a-65b4-4e86-a210-03ceb7abe299/00000139_img.rgb_to_gray_binarize.otsu_ocr.kraken_grc_teubner_postprocessing.spell_check_polytonic_greek_False.xml
00000210.tif → /cluster/tufts/perseus_ocr/nidaba/OCR/c9156a1a-65b4-4e86-a210-03ceb7abe299/00000210_img.rgb_to_gray_binarize.otsu_ocr.kraken_grc_teubner_postprocessing.spell_check_polytonic_greek_False.xml
00000075.tif → /cluster/tufts/perseus_ocr/nidaba/OCR/c9156a1a-65b4-4e86-a210-03ceb7abe299/00000075_img.rgb_to_gray_binarize.otsu_ocr.kraken_grc_teubner_postprocessing.spell_check_polytonic_greek_False.xml
00000049.tif → /cluster/tufts/perseus_ocr/nidaba/OCR/c9156a1a-65b4-4e86-a210-03ceb7abe299/00000049_img.rgb_to_gray_binarize.otsu_ocr.kraken_grc_teubner_postprocessing.spell_check_polytonic_greek_False.xml
00000090.tif → /cluster/tufts/perseus_ocr/nidaba/OCR/c9156a1a-65b4-4e86-a210-03ceb7abe299/00000090_img.rgb_to_gray_binarize.otsu_ocr.kraken_grc_teubner_postprocessing.spell_check_polytonic_greek_False.xml
00000029.tif → /cluster/tufts/perseus_ocr/nidaba/OCR/c9156a1a-65b4-4e86-a210-03ceb7abe299/00000029_img.rgb_to_gray_binarize.otsu_ocr.kraken_grc_teubner_postprocessing.spell_check_polytonic_greek_False.xml
00000184.tif → /cluster/tufts/perseus_ocr/nidaba/OCR/c9156a1a-65b4-4e86-a210-03ceb7abe299/00000184_img.rgb_to_gray_binarize.otsu_ocr.kraken_grc_teubner_postprocessing.spell_check_polytonic_greek_False.xml
00000093.tif → /cluster/tufts/perseus_ocr/nidaba/OCR/c9156a1a-65b4-4e86-a210-03ceb7abe299/00000093_img.rgb_to_gray_binarize.otsu_ocr.kraken_grc_teubner_postprocessing.spell_check_polytonic_greek_False.xml
00000044.tif → /cluster/tufts/perseus_ocr/nidaba/OCR/c9156a1a-65b4-4e86-a210-03ceb7abe299/00000044_img.rgb_to_gray_binarize.otsu_ocr.kraken_grc_teubner_postprocessing.spell_check_polytonic_greek_False.xml
00000006.tif → /cluster/tufts/perseus_ocr/nidaba/OCR/c9156a1a-65b4-4e86-a210-03ceb7abe299/00000006_img.rgb_to_gray_binarize.otsu_ocr.kraken_grc_teubner_postprocessing.spell_check_polytonic_greek_False.xml
00000141.tif → /cluster/tufts/perseus_ocr/nidaba/OCR/c9156a1a-65b4-4e86-a210-03ceb7abe299/00000141_img.rgb_to_gray_binarize.otsu_ocr.kraken_grc_teubner_postprocessing.spell_check_polytonic_greek_False.xml
00000206.tif → /cluster/tufts/perseus_ocr/nidaba/OCR/c9156a1a-65b4-4e86-a210-03ceb7abe299/00000206_img.rgb_to_gray_binarize.otsu_ocr.kraken_grc_teubner_postprocessing.spell_check_polytonic_greek_False.xml
00000001.tif → /cluster/tufts/perseus_ocr/nidaba/OCR/c9156a1a-65b4-4e86-a210-03ceb7abe299/00000001_img.rgb_to_gray_binarize.otsu_ocr.kraken_grc_teubner_postprocessing.spell_check_polytonic_greek_False.xml
00000020.tif → /cluster/tufts/perseus_ocr/nidaba/OCR/c9156a1a-65b4-4e86-a210-03ceb7abe299/00000020_img.rgb_to_gray_binarize.otsu_ocr.kraken_grc_teubner_postprocessing.spell_check_polytonic_greek_False.xml
00000003.tif → /cluster/tufts/perseus_ocr/nidaba/OCR/c9156a1a-65b4-4e86-a210-03ceb7abe299/00000003_img.rgb_to_gray_binarize.otsu_ocr.kraken_grc_teubner_postprocessing.spell_check_polytonic_greek_False.xml
00000170.tif → /cluster/tufts/perseus_ocr/nidaba/OCR/c9156a1a-65b4-4e86-a210-03ceb7abe299/00000170_img.rgb_to_gray_binarize.otsu_ocr.kraken_grc_teubner_postprocessing.spell_check_polytonic_greek_False.xml
00000115.tif → /cluster/tufts/perseus_ocr/nidaba/OCR/c9156a1a-65b4-4e86-a210-03ceb7abe299/00000115_img.rgb_to_gray_binarize.otsu_ocr.kraken_grc_teubner_postprocessing.spell_check_polytonic_greek_False.xml
00000036.tif → /cluster/tufts/perseus_ocr/nidaba/OCR/c9156a1a-65b4-4e86-a210-03ceb7abe299/00000036_img.rgb_to_gray_binarize.otsu_ocr.kraken_grc_teubner_postprocessing.spell_check_polytonic_greek_False.xml
00000198.tif → /cluster/tufts/perseus_ocr/nidaba/OCR/c9156a1a-65b4-4e86-a210-03ceb7abe299/00000198_img.rgb_to_gray_binarize.otsu_ocr.kraken_grc_teubner_postprocessing.spell_check_polytonic_greek_False.xml
00000005.tif → /cluster/tufts/perseus_ocr/nidaba/OCR/c9156a1a-65b4-4e86-a210-03ceb7abe299/00000005_img.rgb_to_gray_binarize.otsu_ocr.kraken_grc_teubner_postprocessing.spell_check_polytonic_greek_False.xml
00000165.tif → /cluster/tufts/perseus_ocr/nidaba/OCR/c9156a1a-65b4-4e86-a210-03ceb7abe299/00000165_img.rgb_to_gray_binarize.otsu_ocr.kraken_grc_teubner_postprocessing.spell_check_polytonic_greek_False.xml
00000097.tif → /cluster/tufts/perseus_ocr/nidaba/OCR/c9156a1a-65b4-4e86-a210-03ceb7abe299/00000097_img.rgb_to_gray_binarize.otsu_ocr.kraken_grc_teubner_postprocessing.spell_check_polytonic_greek_False.xml
00000159.tif → /cluster/tufts/perseus_ocr/nidaba/OCR/c9156a1a-65b4-4e86-a210-03ceb7abe299/00000159_img.rgb_to_gray_binarize.otsu_ocr.kraken_grc_teubner_postprocessing.spell_check_polytonic_greek_False.xml
00000228.tif → /cluster/tufts/perseus_ocr/nidaba/OCR/c9156a1a-65b4-4e86-a210-03ceb7abe299/00000228_img.rgb_to_gray_binarize.otsu_ocr.kraken_grc_teubner_postprocessing.spell_check_polytonic_greek_False.xml
00000168.tif → /cluster/tufts/perseus_ocr/nidaba/OCR/c9156a1a-65b4-4e86-a210-03ceb7abe299/00000168_img.rgb_to_gray_binarize.otsu_ocr.kraken_grc_teubner_postprocessing.spell_check_polytonic_greek_False.xml
00000067.tif → /cluster/tufts/perseus_ocr/nidaba/OCR/c9156a1a-65b4-4e86-a210-03ceb7abe299/00000067_img.rgb_to_gray_binarize.otsu_ocr.kraken_grc_teubner_postprocessing.spell_check_polytonic_greek_False.xml
00000040.tif → /cluster/tufts/perseus_ocr/nidaba/OCR/c9156a1a-65b4-4e86-a210-03ceb7abe299/00000040_img.rgb_to_gray_binarize.otsu_ocr.kraken_grc_teubner_postprocessing.spell_check_polytonic_greek_False.xml
00000127.tif → /cluster/tufts/perseus_ocr/nidaba/OCR/c9156a1a-65b4-4e86-a210-03ceb7abe299/00000127_img.rgb_to_gray_binarize.otsu_ocr.kraken_grc_teubner_postprocessing.spell_check_polytonic_greek_False.xml
00000025.tif → /cluster/tufts/perseus_ocr/nidaba/OCR/c9156a1a-65b4-4e86-a210-03ceb7abe299/00000025_img.rgb_to_gray_binarize.otsu_ocr.kraken_grc_teubner_postprocessing.spell_check_polytonic_greek_False.xml
00000202.tif → /cluster/tufts/perseus_ocr/nidaba/OCR/c9156a1a-65b4-4e86-a210-03ceb7abe299/00000202_img.rgb_to_gray_binarize.otsu_ocr.kraken_grc_teubner_postprocessing.spell_check_polytonic_greek_False.xml
00000243.tif → /cluster/tufts/perseus_ocr/nidaba/OCR/c9156a1a-65b4-4e86-a210-03ceb7abe299/00000243_img.rgb_to_gray_binarize.otsu_ocr.kraken_grc_teubner_postprocessing.spell_check_polytonic_greek_False.xml
00000083.tif → /cluster/tufts/perseus_ocr/nidaba/OCR/c9156a1a-65b4-4e86-a210-03ceb7abe299/00000083_img.rgb_to_gray_binarize.otsu_ocr.kraken_grc_teubner_postprocessing.spell_check_polytonic_greek_False.xml
00000169.tif → /cluster/tufts/perseus_ocr/nidaba/OCR/c9156a1a-65b4-4e86-a210-03ceb7abe299/00000169_img.rgb_to_gray_binarize.otsu_ocr.kraken_grc_teubner_postprocessing.spell_check_polytonic_greek_False.xml
00000033.tif → /cluster/tufts/perseus_ocr/nidaba/OCR/c9156a1a-65b4-4e86-a210-03ceb7abe299/00000033_img.rgb_to_gray_binarize.otsu_ocr.kraken_grc_teubner_postprocessing.spell_check_polytonic_greek_False.xml
00000114.tif → /cluster/tufts/perseus_ocr/nidaba/OCR/c9156a1a-65b4-4e86-a210-03ceb7abe299/00000114_img.rgb_to_gray_binarize.otsu_ocr.kraken_grc_teubner_postprocessing.spell_check_polytonic_greek_False.xml
00000157.tif → /cluster/tufts/perseus_ocr/nidaba/OCR/c9156a1a-65b4-4e86-a210-03ceb7abe299/00000157_img.rgb_to_gray_binarize.otsu_ocr.kraken_grc_teubner_postprocessing.spell_check_polytonic_greek_False.xml
00000143.tif → /cluster/tufts/perseus_ocr/nidaba/OCR/c9156a1a-65b4-4e86-a210-03ceb7abe299/00000143_img.rgb_to_gray_binarize.otsu_ocr.kraken_grc_teubner_postprocessing.spell_check_polytonic_greek_False.xml
00000195.tif → /cluster/tufts/perseus_ocr/nidaba/OCR/c9156a1a-65b4-4e86-a210-03ceb7abe299/00000195_img.rgb_to_gray_binarize.otsu_ocr.kraken_grc_teubner_postprocessing.spell_check_polytonic_greek_False.xml
00000219.tif → /cluster/tufts/perseus_ocr/nidaba/OCR/c9156a1a-65b4-4e86-a210-03ceb7abe299/00000219_img.rgb_to_gray_binarize.otsu_ocr.kraken_grc_teubner_postprocessing.spell_check_polytonic_greek_False.xml
00000163.tif → /cluster/tufts/perseus_ocr/nidaba/OCR/c9156a1a-65b4-4e86-a210-03ceb7abe299/00000163_img.rgb_to_gray_binarize.otsu_ocr.kraken_grc_teubner_postprocessing.spell_check_polytonic_greek_False.xml
00000084.tif → /cluster/tufts/perseus_ocr/nidaba/OCR/c9156a1a-65b4-4e86-a210-03ceb7abe299/00000084_img.rgb_to_gray_binarize.otsu_ocr.kraken_grc_teubner_postprocessing.spell_check_polytonic_greek_False.xml
00000058.tif → /cluster/tufts/perseus_ocr/nidaba/OCR/c9156a1a-65b4-4e86-a210-03ceb7abe299/00000058_img.rgb_to_gray_binarize.otsu_ocr.kraken_grc_teubner_postprocessing.spell_check_polytonic_greek_False.xml
00000012.tif → /cluster/tufts/perseus_ocr/nidaba/OCR/c9156a1a-65b4-4e86-a210-03ceb7abe299/00000012_img.rgb_to_gray_binarize.otsu_ocr.kraken_grc_teubner_postprocessing.spell_check_polytonic_greek_False.xml
00000171.tif → /cluster/tufts/perseus_ocr/nidaba/OCR/c9156a1a-65b4-4e86-a210-03ceb7abe299/00000171_img.rgb_to_gray_binarize.otsu_ocr.kraken_grc_teubner_postprocessing.spell_check_polytonic_greek_False.xml
00000161.tif → /cluster/tufts/perseus_ocr/nidaba/OCR/c9156a1a-65b4-4e86-a210-03ceb7abe299/00000161_img.rgb_to_gray_binarize.otsu_ocr.kraken_grc_teubner_postprocessing.spell_check_polytonic_greek_False.xml

Errors:

nidaba.ocr.kraken (00000087.tif): index 5000 is out of bounds for axis 0 with size 5000
nidaba.ocr.kraken (00000222.tif): 
nidaba.ocr.kraken (00000135.tif): index 5000 is out of bounds for axis 0 with size 5000
nidaba.ocr.kraken (00000116.tif): index 5000 is out of bounds for axis 0 with size 5000
nidaba.ocr.kraken (00000061.tif): index 5000 is out of bounds for axis 0 with size 5000
nidaba.ocr.kraken (00000172.tif): index 5000 is out of bounds for axis 0 with size 5000
nidaba.ocr.kraken (00000129.tif): index 5000 is out of bounds for axis 0 with size 5000
nidaba.ocr.kraken (00000226.tif): 
nidaba.ocr.kraken (00000185.tif): index 5000 is out of bounds for axis 0 with size 5000
nidaba.ocr.kraken (00000109.tif): index 5000 is out of bounds for axis 0 with size 5000
nidaba.ocr.kraken (00000124.tif): index 5000 is out of bounds for axis 0 with size 5000
nidaba.ocr.kraken (00000153.tif): index 5000 is out of bounds for axis 0 with size 5000
nidaba.ocr.kraken (00000130.tif): index 5000 is out of bounds for axis 0 with size 5000
nidaba.ocr.kraken (00000145.tif): index 5000 is out of bounds for axis 0 with size 5000
nidaba.ocr.kraken (00000140.tif): index 5000 is out of bounds for axis 0 with size 5000
nidaba.ocr.kraken (00000182.tif): index 5000 is out of bounds for axis 0 with size 5000
nidaba.ocr.kraken (00000123.tif): index 5000 is out of bounds for axis 0 with size 5000
nidaba.ocr.kraken (00000187.tif): index 5000 is out of bounds for axis 0 with size 5000
nidaba.ocr.kraken (00000196.tif): index 5000 is out of bounds for axis 0 with size 5000
nidaba.ocr.kraken (00000092.tif): index 5000 is out of bounds for axis 0 with size 5000
nidaba.ocr.kraken (00000201.tif): index 5000 is out of bounds for axis 0 with size 5000
nidaba.ocr.kraken (00000209.tif): 
nidaba.ocr.kraken (00000213.tif): 
nidaba.ocr.kraken (00000126.tif): index 5000 is out of bounds for axis 0 with size 5000
nidaba.ocr.kraken (00000041.tif): index 5000 is out of bounds for axis 0 with size 5000
nidaba.ocr.kraken (00000183.tif): index 5000 is out of bounds for axis 0 with size 5000
nidaba.ocr.kraken (00000229.tif): 
nidaba.ocr.kraken (00000096.tif): index 5000 is out of bounds for axis 0 with size 5000
nidaba.ocr.kraken (00000066.tif): index 5000 is out of bounds for axis 0 with size 5000
nidaba.ocr.kraken (00000125.tif): index 5000 is out of bounds for axis 0 with size 5000
nidaba.ocr.kraken (00000199.tif): index 5000 is out of bounds for axis 0 with size 5000
nidaba.ocr.kraken (00000042.tif): index 5000 is out of bounds for axis 0 with size 5000
nidaba.ocr.kraken (00000095.tif): index 5000 is out of bounds for axis 0 with size 5000
nidaba.ocr.kraken (00000089.tif): index 5000 is out of bounds for axis 0 with size 5000
nidaba.ocr.kraken (00000223.tif): 
nidaba.ocr.kraken (00000178.tif): index 5000 is out of bounds for axis 0 with size 5000
nidaba.ocr.kraken (00000107.tif): index 5000 is out of bounds for axis 0 with size 5000
nidaba.ocr.kraken (00000104.tif): index 5000 is out of bounds for axis 0 with size 5000
nidaba.ocr.kraken (00000034.tif): index 5000 is out of bounds for axis 0 with size 5000
nidaba.ocr.kraken (00000186.tif): index 5000 is out of bounds for axis 0 with size 5000
nidaba.ocr.kraken (00000102.tif): index 5000 is out of bounds for axis 0 with size 5000
nidaba.ocr.kraken (00000190.tif): index 5000 is out of bounds for axis 0 with size 5000
nidaba.ocr.kraken (00000132.tif): index 5000 is out of bounds for axis 0 with size 5000
